#
# A fatal error has been detected by the Java Runtime Environment:
#
#  Internal Error (generateOopMap.cpp:2164), pid=9873, tid=9885
#  fatal error: Illegal class file encountered. Try running with -Xverify:all in method main
#
# JRE version: OpenJDK Runtime Environment (11.0.4+11) (build 11.0.4+11-post-Ubuntu-1ubuntu218.04.3)
# Java VM: OpenJDK 64-Bit Server VM (11.0.4+11-post-Ubuntu-1ubuntu218.04.3, mixed mode, sharing, tiered, compressed oops, g1 gc, linux-amd64)
# Core dump will be written. Default location: Core dumps may be processed with "/usr/share/apport/apport %p %s %c %d %P" (or dumping to /home/bridgeit/Desktop/priya/Felloship/CorePrograms/core.9873)
#
# If you would like to submit a bug report, please visit:
#   https://bugs.launchpad.net/ubuntu/+source/openjdk-lts
#

---------------  S U M M A R Y ------------

Command Line: -agentlib:jdwp=transport=dt_socket,suspend=y,address=localhost:35181 -javaagent:/home/bridgeit/eclipse/java-2019-06/eclipse/configuration/org.eclipse.osgi/220/0/.cp/lib/javaagent-shaded.jar -Dfile.encoding=UTF-8 com.bridgelabz.dtatstructure.AnagramUsingStack

Host: Intel(R) Core(TM) i5-4570 CPU @ 3.20GHz, 4 cores, 7G, Ubuntu 18.04.2 LTS
Time: Tue Sep 17 12:48:12 2019 IST elapsed time: 1260 seconds (0d 0h 21m 0s)

---------------  T H R E A D  ---------------

Current thread (0x00007fa9a416e800):  VMThread "VM Thread" [stack: 0x00007fa98067c000,0x00007fa98077c000] [id=9885]

Stack: [0x00007fa98067c000,0x00007fa98077c000],  sp=0x00007fa980779e10,  free space=1015k
Native frames: (J=compiled Java code, A=aot compiled Java code, j=interpreted, Vv=VM code, C=native code)
V  [libjvm.so+0xde4547]
V  [libjvm.so+0xde515f]
V  [libjvm.so+0x6510ba]
V  [libjvm.so+0x7b72a8]
V  [libjvm.so+0x7b737b]
V  [libjvm.so+0x7b9e37]
V  [libjvm.so+0x7bbf5c]
V  [libjvm.so+0x7beabd]
V  [libjvm.so+0x7bee69]
V  [libjvm.so+0xbac64a]
V  [libjvm.so+0xbacbcb]
V  [libjvm.so+0xb3a9f6]
V  [libjvm.so+0x9d053c]
V  [libjvm.so+0xdeeda8]
V  [libjvm.so+0xdec5e6]
V  [libjvm.so+0xdecaf0]
V  [libjvm.so+0xdecf23]
V  [libjvm.so+0xd7aeea]
V  [libjvm.so+0xbc4a5e]

VM_Operation (0x00007fa9633288a0): GetOrSetLocal, mode: safepoint, requested by thread 0x00007fa9a41d5800


---------------  P R O C E S S  ---------------

Threads class SMR info:
_java_thread_list=0x00007fa9a426e210, length=12, elements={
0x00007fa9a4013800, 0x00007fa9a4171000, 0x00007fa9a4173000, 0x00007fa9a4178800,
0x00007fa9a417a800, 0x00007fa9a417d000, 0x00007fa9a417f000, 0x00007fa9a4194800,
0x00007fa9a41d5800, 0x00007fa9a41d9000, 0x00007fa944001800, 0x00007fa9a426c800
}

Java Threads: ( => current thread )
  0x00007fa9a4013800 JavaThread "main" [_thread_blocked, id=9879, stack(0x00007fa9ac108000,0x00007fa9ac209000)]
  0x00007fa9a4171000 JavaThread "Reference Handler" daemon [_thread_blocked, id=9886, stack(0x00007fa980579000,0x00007fa98067a000)]
  0x00007fa9a4173000 JavaThread "Finalizer" daemon [_thread_blocked, id=9887, stack(0x00007fa980478000,0x00007fa980579000)]
  0x00007fa9a4178800 JavaThread "Signal Dispatcher" daemon [_thread_blocked, id=9888, stack(0x00007fa980377000,0x00007fa980478000)]
  0x00007fa9a417a800 JavaThread "C2 CompilerThread0" daemon [_thread_blocked, id=9889, stack(0x00007fa980276000,0x00007fa980377000)]
  0x00007fa9a417d000 JavaThread "C1 CompilerThread0" daemon [_thread_blocked, id=9890, stack(0x00007fa980175000,0x00007fa980276000)]
  0x00007fa9a417f000 JavaThread "Sweeper thread" daemon [_thread_blocked, id=9891, stack(0x00007fa980074000,0x00007fa980175000)]
  0x00007fa9a4194800 JavaThread "Common-Cleaner" daemon [_thread_blocked, id=9893, stack(0x00007fa963530000,0x00007fa963631000)]
  0x00007fa9a41d5800 JavaThread "JDWP Transport Listener: dt_socket" daemon [_thread_blocked, id=9895, stack(0x00007fa963229000,0x00007fa96332a000)] _threads_hazard_ptr=0x00007fa9a426e210
  0x00007fa9a41d9000 JavaThread "JDWP Event Helper Thread" daemon [_thread_blocked, id=9898, stack(0x00007fa963128000,0x00007fa963229000)]
  0x00007fa944001800 JavaThread "JDWP Command Reader" daemon [_thread_in_native, id=9899, stack(0x00007fa963027000,0x00007fa963128000)]
  0x00007fa9a426c800 JavaThread "Service Thread" daemon [_thread_blocked, id=9903, stack(0x00007fa962afe000,0x00007fa962bff000)]

Other Threads:
=>0x00007fa9a416e800 VMThread "VM Thread" [stack: 0x00007fa98067c000,0x00007fa98077c000] [id=9885]
  0x00007fa9a4270000 WatcherThread [stack: 0x00007fa9629fe000,0x00007fa962afe000] [id=9904]
  0x00007fa9a402a000 GCTaskThread "GC Thread#0" [stack: 0x00007fa98c565000,0x00007fa98c665000] [id=9880]
  0x00007fa9a405b000 ConcurrentGCThread "G1 Main Marker" [stack: 0x00007fa98c05f000,0x00007fa98c15f000] [id=9881]
  0x00007fa9a405d000 ConcurrentGCThread "G1 Conc#0" [stack: 0x00007fa983586000,0x00007fa983686000] [id=9882]
  0x00007fa9a40d5000 ConcurrentGCThread "G1 Refine#0" [stack: 0x00007fa981080000,0x00007fa981180000] [id=9883]
  0x00007fa9a40d6800 ConcurrentGCThread "G1 Young RemSet Sampling" [stack: 0x00007fa980f7e000,0x00007fa98107e000] [id=9884]

Threads with active compile tasks:

VM state:at safepoint (normal execution)

VM Mutex/Monitor currently owned by a thread:  ([mutex/lock_event])
[0x00007fa9a400f7c0] Threads_lock - owner thread: 0x00007fa9a416e800

Heap address: 0x0000000084400000, size: 1980 MB, Compressed Oops mode: 32-bit
Narrow klass base: 0x0000000800000000, Narrow klass shift: 3
Compressed class space size: 1073741824 Address: 0x0000000840000000

Heap:
 garbage-first heap   total 129024K, used 5752K [0x0000000084400000, 0x0000000100000000)
  region size 1024K, 6 young (6144K), 0 survivors (0K)
 Metaspace       used 2981K, capacity 5086K, committed 5376K, reserved 1056768K
  class space    used 265K, capacity 458K, committed 512K, reserved 1048576K
Heap Regions: E=young(eden), S=young(survivor), O=old, HS=humongous(starts), HC=humongous(continues), CS=collection set, F=free, A=archive, TAMS=top-at-mark-start (previous, next)
|   0|0x0000000084400000, 0x0000000084400000, 0x0000000084500000|  0%| F|  |TAMS 0x0000000084400000, 0x0000000084400000| Untracked 
|   1|0x0000000084500000, 0x0000000084500000, 0x0000000084600000|  0%| F|  |TAMS 0x0000000084500000, 0x0000000084500000| Untracked 
|   2|0x0000000084600000, 0x0000000084600000, 0x0000000084700000|  0%| F|  |TAMS 0x0000000084600000, 0x0000000084600000| Untracked 
|   3|0x0000000084700000, 0x0000000084700000, 0x0000000084800000|  0%| F|  |TAMS 0x0000000084700000, 0x0000000084700000| Untracked 
|   4|0x0000000084800000, 0x0000000084800000, 0x0000000084900000|  0%| F|  |TAMS 0x0000000084800000, 0x0000000084800000| Untracked 
|   5|0x0000000084900000, 0x0000000084900000, 0x0000000084a00000|  0%| F|  |TAMS 0x0000000084900000, 0x0000000084900000| Untracked 
|   6|0x0000000084a00000, 0x0000000084a00000, 0x0000000084b00000|  0%| F|  |TAMS 0x0000000084a00000, 0x0000000084a00000| Untracked 
|   7|0x0000000084b00000, 0x0000000084b00000, 0x0000000084c00000|  0%| F|  |TAMS 0x0000000084b00000, 0x0000000084b00000| Untracked 
|   8|0x0000000084c00000, 0x0000000084c00000, 0x0000000084d00000|  0%| F|  |TAMS 0x0000000084c00000, 0x0000000084c00000| Untracked 
|   9|0x0000000084d00000, 0x0000000084d00000, 0x0000000084e00000|  0%| F|  |TAMS 0x0000000084d00000, 0x0000000084d00000| Untracked 
|  10|0x0000000084e00000, 0x0000000084e00000, 0x0000000084f00000|  0%| F|  |TAMS 0x0000000084e00000, 0x0000000084e00000| Untracked 
|  11|0x0000000084f00000, 0x0000000084f00000, 0x0000000085000000|  0%| F|  |TAMS 0x0000000084f00000, 0x0000000084f00000| Untracked 
|  12|0x0000000085000000, 0x0000000085000000, 0x0000000085100000|  0%| F|  |TAMS 0x0000000085000000, 0x0000000085000000| Untracked 
|  13|0x0000000085100000, 0x0000000085100000, 0x0000000085200000|  0%| F|  |TAMS 0x0000000085100000, 0x0000000085100000| Untracked 
|  14|0x0000000085200000, 0x0000000085200000, 0x0000000085300000|  0%| F|  |TAMS 0x0000000085200000, 0x0000000085200000| Untracked 
|  15|0x0000000085300000, 0x0000000085300000, 0x0000000085400000|  0%| F|  |TAMS 0x0000000085300000, 0x0000000085300000| Untracked 
|  16|0x0000000085400000, 0x0000000085400000, 0x0000000085500000|  0%| F|  |TAMS 0x0000000085400000, 0x0000000085400000| Untracked 
|  17|0x0000000085500000, 0x0000000085500000, 0x0000000085600000|  0%| F|  |TAMS 0x0000000085500000, 0x0000000085500000| Untracked 
|  18|0x0000000085600000, 0x0000000085600000, 0x0000000085700000|  0%| F|  |TAMS 0x0000000085600000, 0x0000000085600000| Untracked 
|  19|0x0000000085700000, 0x0000000085700000, 0x0000000085800000|  0%| F|  |TAMS 0x0000000085700000, 0x0000000085700000| Untracked 
|  20|0x0000000085800000, 0x0000000085800000, 0x0000000085900000|  0%| F|  |TAMS 0x0000000085800000, 0x0000000085800000| Untracked 
|  21|0x0000000085900000, 0x0000000085900000, 0x0000000085a00000|  0%| F|  |TAMS 0x0000000085900000, 0x0000000085900000| Untracked 
|  22|0x0000000085a00000, 0x0000000085a00000, 0x0000000085b00000|  0%| F|  |TAMS 0x0000000085a00000, 0x0000000085a00000| Untracked 
|  23|0x0000000085b00000, 0x0000000085b00000, 0x0000000085c00000|  0%| F|  |TAMS 0x0000000085b00000, 0x0000000085b00000| Untracked 
|  24|0x0000000085c00000, 0x0000000085c00000, 0x0000000085d00000|  0%| F|  |TAMS 0x0000000085c00000, 0x0000000085c00000| Untracked 
|  25|0x0000000085d00000, 0x0000000085d00000, 0x0000000085e00000|  0%| F|  |TAMS 0x0000000085d00000, 0x0000000085d00000| Untracked 
|  26|0x0000000085e00000, 0x0000000085e00000, 0x0000000085f00000|  0%| F|  |TAMS 0x0000000085e00000, 0x0000000085e00000| Untracked 
|  27|0x0000000085f00000, 0x0000000085f00000, 0x0000000086000000|  0%| F|  |TAMS 0x0000000085f00000, 0x0000000085f00000| Untracked 
|  28|0x0000000086000000, 0x0000000086000000, 0x0000000086100000|  0%| F|  |TAMS 0x0000000086000000, 0x0000000086000000| Untracked 
|  29|0x0000000086100000, 0x0000000086100000, 0x0000000086200000|  0%| F|  |TAMS 0x0000000086100000, 0x0000000086100000| Untracked 
|  30|0x0000000086200000, 0x0000000086200000, 0x0000000086300000|  0%| F|  |TAMS 0x0000000086200000, 0x0000000086200000| Untracked 
|  31|0x0000000086300000, 0x0000000086300000, 0x0000000086400000|  0%| F|  |TAMS 0x0000000086300000, 0x0000000086300000| Untracked 
|  32|0x0000000086400000, 0x0000000086400000, 0x0000000086500000|  0%| F|  |TAMS 0x0000000086400000, 0x0000000086400000| Untracked 
|  33|0x0000000086500000, 0x0000000086500000, 0x0000000086600000|  0%| F|  |TAMS 0x0000000086500000, 0x0000000086500000| Untracked 
|  34|0x0000000086600000, 0x0000000086600000, 0x0000000086700000|  0%| F|  |TAMS 0x0000000086600000, 0x0000000086600000| Untracked 
|  35|0x0000000086700000, 0x0000000086700000, 0x0000000086800000|  0%| F|  |TAMS 0x0000000086700000, 0x0000000086700000| Untracked 
|  36|0x0000000086800000, 0x0000000086800000, 0x0000000086900000|  0%| F|  |TAMS 0x0000000086800000, 0x0000000086800000| Untracked 
|  37|0x0000000086900000, 0x0000000086900000, 0x0000000086a00000|  0%| F|  |TAMS 0x0000000086900000, 0x0000000086900000| Untracked 
|  38|0x0000000086a00000, 0x0000000086a00000, 0x0000000086b00000|  0%| F|  |TAMS 0x0000000086a00000, 0x0000000086a00000| Untracked 
|  39|0x0000000086b00000, 0x0000000086b00000, 0x0000000086c00000|  0%| F|  |TAMS 0x0000000086b00000, 0x0000000086b00000| Untracked 
|  40|0x0000000086c00000, 0x0000000086c00000, 0x0000000086d00000|  0%| F|  |TAMS 0x0000000086c00000, 0x0000000086c00000| Untracked 
|  41|0x0000000086d00000, 0x0000000086d00000, 0x0000000086e00000|  0%| F|  |TAMS 0x0000000086d00000, 0x0000000086d00000| Untracked 
|  42|0x0000000086e00000, 0x0000000086e00000, 0x0000000086f00000|  0%| F|  |TAMS 0x0000000086e00000, 0x0000000086e00000| Untracked 
|  43|0x0000000086f00000, 0x0000000086f00000, 0x0000000087000000|  0%| F|  |TAMS 0x0000000086f00000, 0x0000000086f00000| Untracked 
|  44|0x0000000087000000, 0x0000000087000000, 0x0000000087100000|  0%| F|  |TAMS 0x0000000087000000, 0x0000000087000000| Untracked 
|  45|0x0000000087100000, 0x0000000087100000, 0x0000000087200000|  0%| F|  |TAMS 0x0000000087100000, 0x0000000087100000| Untracked 
|  46|0x0000000087200000, 0x0000000087200000, 0x0000000087300000|  0%| F|  |TAMS 0x0000000087200000, 0x0000000087200000| Untracked 
|  47|0x0000000087300000, 0x0000000087300000, 0x0000000087400000|  0%| F|  |TAMS 0x0000000087300000, 0x0000000087300000| Untracked 
|  48|0x0000000087400000, 0x0000000087400000, 0x0000000087500000|  0%| F|  |TAMS 0x0000000087400000, 0x0000000087400000| Untracked 
|  49|0x0000000087500000, 0x0000000087500000, 0x0000000087600000|  0%| F|  |TAMS 0x0000000087500000, 0x0000000087500000| Untracked 
|  50|0x0000000087600000, 0x0000000087600000, 0x0000000087700000|  0%| F|  |TAMS 0x0000000087600000, 0x0000000087600000| Untracked 
|  51|0x0000000087700000, 0x0000000087700000, 0x0000000087800000|  0%| F|  |TAMS 0x0000000087700000, 0x0000000087700000| Untracked 
|  52|0x0000000087800000, 0x0000000087800000, 0x0000000087900000|  0%| F|  |TAMS 0x0000000087800000, 0x0000000087800000| Untracked 
|  53|0x0000000087900000, 0x0000000087900000, 0x0000000087a00000|  0%| F|  |TAMS 0x0000000087900000, 0x0000000087900000| Untracked 
|  54|0x0000000087a00000, 0x0000000087a00000, 0x0000000087b00000|  0%| F|  |TAMS 0x0000000087a00000, 0x0000000087a00000| Untracked 
|  55|0x0000000087b00000, 0x0000000087b00000, 0x0000000087c00000|  0%| F|  |TAMS 0x0000000087b00000, 0x0000000087b00000| Untracked 
|  56|0x0000000087c00000, 0x0000000087c00000, 0x0000000087d00000|  0%| F|  |TAMS 0x0000000087c00000, 0x0000000087c00000| Untracked 
|  57|0x0000000087d00000, 0x0000000087d00000, 0x0000000087e00000|  0%| F|  |TAMS 0x0000000087d00000, 0x0000000087d00000| Untracked 
|  58|0x0000000087e00000, 0x0000000087e00000, 0x0000000087f00000|  0%| F|  |TAMS 0x0000000087e00000, 0x0000000087e00000| Untracked 
|  59|0x0000000087f00000, 0x0000000087f00000, 0x0000000088000000|  0%| F|  |TAMS 0x0000000087f00000, 0x0000000087f00000| Untracked 
|  60|0x0000000088000000, 0x0000000088000000, 0x0000000088100000|  0%| F|  |TAMS 0x0000000088000000, 0x0000000088000000| Untracked 
|  61|0x0000000088100000, 0x0000000088100000, 0x0000000088200000|  0%| F|  |TAMS 0x0000000088100000, 0x0000000088100000| Untracked 
|  62|0x0000000088200000, 0x0000000088200000, 0x0000000088300000|  0%| F|  |TAMS 0x0000000088200000, 0x0000000088200000| Untracked 
|  63|0x0000000088300000, 0x0000000088300000, 0x0000000088400000|  0%| F|  |TAMS 0x0000000088300000, 0x0000000088300000| Untracked 
|  64|0x0000000088400000, 0x0000000088400000, 0x0000000088500000|  0%| F|  |TAMS 0x0000000088400000, 0x0000000088400000| Untracked 
|  65|0x0000000088500000, 0x0000000088500000, 0x0000000088600000|  0%| F|  |TAMS 0x0000000088500000, 0x0000000088500000| Untracked 
|  66|0x0000000088600000, 0x0000000088600000, 0x0000000088700000|  0%| F|  |TAMS 0x0000000088600000, 0x0000000088600000| Untracked 
|  67|0x0000000088700000, 0x0000000088700000, 0x0000000088800000|  0%| F|  |TAMS 0x0000000088700000, 0x0000000088700000| Untracked 
|  68|0x0000000088800000, 0x0000000088800000, 0x0000000088900000|  0%| F|  |TAMS 0x0000000088800000, 0x0000000088800000| Untracked 
|  69|0x0000000088900000, 0x0000000088900000, 0x0000000088a00000|  0%| F|  |TAMS 0x0000000088900000, 0x0000000088900000| Untracked 
|  70|0x0000000088a00000, 0x0000000088a00000, 0x0000000088b00000|  0%| F|  |TAMS 0x0000000088a00000, 0x0000000088a00000| Untracked 
|  71|0x0000000088b00000, 0x0000000088b00000, 0x0000000088c00000|  0%| F|  |TAMS 0x0000000088b00000, 0x0000000088b00000| Untracked 
|  72|0x0000000088c00000, 0x0000000088c00000, 0x0000000088d00000|  0%| F|  |TAMS 0x0000000088c00000, 0x0000000088c00000| Untracked 
|  73|0x0000000088d00000, 0x0000000088d00000, 0x0000000088e00000|  0%| F|  |TAMS 0x0000000088d00000, 0x0000000088d00000| Untracked 
|  74|0x0000000088e00000, 0x0000000088e00000, 0x0000000088f00000|  0%| F|  |TAMS 0x0000000088e00000, 0x0000000088e00000| Untracked 
|  75|0x0000000088f00000, 0x0000000088f00000, 0x0000000089000000|  0%| F|  |TAMS 0x0000000088f00000, 0x0000000088f00000| Untracked 
|  76|0x0000000089000000, 0x0000000089000000, 0x0000000089100000|  0%| F|  |TAMS 0x0000000089000000, 0x0000000089000000| Untracked 
|  77|0x0000000089100000, 0x0000000089100000, 0x0000000089200000|  0%| F|  |TAMS 0x0000000089100000, 0x0000000089100000| Untracked 
|  78|0x0000000089200000, 0x0000000089200000, 0x0000000089300000|  0%| F|  |TAMS 0x0000000089200000, 0x0000000089200000| Untracked 
|  79|0x0000000089300000, 0x0000000089300000, 0x0000000089400000|  0%| F|  |TAMS 0x0000000089300000, 0x0000000089300000| Untracked 
|  80|0x0000000089400000, 0x0000000089400000, 0x0000000089500000|  0%| F|  |TAMS 0x0000000089400000, 0x0000000089400000| Untracked 
|  81|0x0000000089500000, 0x0000000089500000, 0x0000000089600000|  0%| F|  |TAMS 0x0000000089500000, 0x0000000089500000| Untracked 
|  82|0x0000000089600000, 0x0000000089600000, 0x0000000089700000|  0%| F|  |TAMS 0x0000000089600000, 0x0000000089600000| Untracked 
|  83|0x0000000089700000, 0x0000000089700000, 0x0000000089800000|  0%| F|  |TAMS 0x0000000089700000, 0x0000000089700000| Untracked 
|  84|0x0000000089800000, 0x0000000089800000, 0x0000000089900000|  0%| F|  |TAMS 0x0000000089800000, 0x0000000089800000| Untracked 
|  85|0x0000000089900000, 0x0000000089900000, 0x0000000089a00000|  0%| F|  |TAMS 0x0000000089900000, 0x0000000089900000| Untracked 
|  86|0x0000000089a00000, 0x0000000089a00000, 0x0000000089b00000|  0%| F|  |TAMS 0x0000000089a00000, 0x0000000089a00000| Untracked 
|  87|0x0000000089b00000, 0x0000000089b00000, 0x0000000089c00000|  0%| F|  |TAMS 0x0000000089b00000, 0x0000000089b00000| Untracked 
|  88|0x0000000089c00000, 0x0000000089c00000, 0x0000000089d00000|  0%| F|  |TAMS 0x0000000089c00000, 0x0000000089c00000| Untracked 
|  89|0x0000000089d00000, 0x0000000089d00000, 0x0000000089e00000|  0%| F|  |TAMS 0x0000000089d00000, 0x0000000089d00000| Untracked 
|  90|0x0000000089e00000, 0x0000000089e00000, 0x0000000089f00000|  0%| F|  |TAMS 0x0000000089e00000, 0x0000000089e00000| Untracked 
|  91|0x0000000089f00000, 0x0000000089f00000, 0x000000008a000000|  0%| F|  |TAMS 0x0000000089f00000, 0x0000000089f00000| Untracked 
|  92|0x000000008a000000, 0x000000008a000000, 0x000000008a100000|  0%| F|  |TAMS 0x000000008a000000, 0x000000008a000000| Untracked 
|  93|0x000000008a100000, 0x000000008a100000, 0x000000008a200000|  0%| F|  |TAMS 0x000000008a100000, 0x000000008a100000| Untracked 
|  94|0x000000008a200000, 0x000000008a200000, 0x000000008a300000|  0%| F|  |TAMS 0x000000008a200000, 0x000000008a200000| Untracked 
|  95|0x000000008a300000, 0x000000008a300000, 0x000000008a400000|  0%| F|  |TAMS 0x000000008a300000, 0x000000008a300000| Untracked 
|  96|0x000000008a400000, 0x000000008a400000, 0x000000008a500000|  0%| F|  |TAMS 0x000000008a400000, 0x000000008a400000| Untracked 
|  97|0x000000008a500000, 0x000000008a500000, 0x000000008a600000|  0%| F|  |TAMS 0x000000008a500000, 0x000000008a500000| Untracked 
|  98|0x000000008a600000, 0x000000008a600000, 0x000000008a700000|  0%| F|  |TAMS 0x000000008a600000, 0x000000008a600000| Untracked 
|  99|0x000000008a700000, 0x000000008a700000, 0x000000008a800000|  0%| F|  |TAMS 0x000000008a700000, 0x000000008a700000| Untracked 
| 100|0x000000008a800000, 0x000000008a800000, 0x000000008a900000|  0%| F|  |TAMS 0x000000008a800000, 0x000000008a800000| Untracked 
| 101|0x000000008a900000, 0x000000008a900000, 0x000000008aa00000|  0%| F|  |TAMS 0x000000008a900000, 0x000000008a900000| Untracked 
| 102|0x000000008aa00000, 0x000000008aa00000, 0x000000008ab00000|  0%| F|  |TAMS 0x000000008aa00000, 0x000000008aa00000| Untracked 
| 103|0x000000008ab00000, 0x000000008ab00000, 0x000000008ac00000|  0%| F|  |TAMS 0x000000008ab00000, 0x000000008ab00000| Untracked 
| 104|0x000000008ac00000, 0x000000008ac00000, 0x000000008ad00000|  0%| F|  |TAMS 0x000000008ac00000, 0x000000008ac00000| Untracked 
| 105|0x000000008ad00000, 0x000000008ad00000, 0x000000008ae00000|  0%| F|  |TAMS 0x000000008ad00000, 0x000000008ad00000| Untracked 
| 106|0x000000008ae00000, 0x000000008ae00000, 0x000000008af00000|  0%| F|  |TAMS 0x000000008ae00000, 0x000000008ae00000| Untracked 
| 107|0x000000008af00000, 0x000000008af00000, 0x000000008b000000|  0%| F|  |TAMS 0x000000008af00000, 0x000000008af00000| Untracked 
| 108|0x000000008b000000, 0x000000008b000000, 0x000000008b100000|  0%| F|  |TAMS 0x000000008b000000, 0x000000008b000000| Untracked 
| 109|0x000000008b100000, 0x000000008b100000, 0x000000008b200000|  0%| F|  |TAMS 0x000000008b100000, 0x000000008b100000| Untracked 
| 110|0x000000008b200000, 0x000000008b200000, 0x000000008b300000|  0%| F|  |TAMS 0x000000008b200000, 0x000000008b200000| Untracked 
| 111|0x000000008b300000, 0x000000008b300000, 0x000000008b400000|  0%| F|  |TAMS 0x000000008b300000, 0x000000008b300000| Untracked 
| 112|0x000000008b400000, 0x000000008b400000, 0x000000008b500000|  0%| F|  |TAMS 0x000000008b400000, 0x000000008b400000| Untracked 
| 113|0x000000008b500000, 0x000000008b500000, 0x000000008b600000|  0%| F|  |TAMS 0x000000008b500000, 0x000000008b500000| Untracked 
| 114|0x000000008b600000, 0x000000008b600000, 0x000000008b700000|  0%| F|  |TAMS 0x000000008b600000, 0x000000008b600000| Untracked 
| 115|0x000000008b700000, 0x000000008b700000, 0x000000008b800000|  0%| F|  |TAMS 0x000000008b700000, 0x000000008b700000| Untracked 
| 116|0x000000008b800000, 0x000000008b800000, 0x000000008b900000|  0%| F|  |TAMS 0x000000008b800000, 0x000000008b800000| Untracked 
| 117|0x000000008b900000, 0x000000008b900000, 0x000000008ba00000|  0%| F|  |TAMS 0x000000008b900000, 0x000000008b900000| Untracked 
| 118|0x000000008ba00000, 0x000000008bad85c0, 0x000000008bb00000| 84%| E|  |TAMS 0x000000008ba00000, 0x000000008ba00000| Complete 
| 119|0x000000008bb00000, 0x000000008bc00000, 0x000000008bc00000|100%| E|CS|TAMS 0x000000008bb00000, 0x000000008bb00000| Complete 
| 120|0x000000008bc00000, 0x000000008bd00000, 0x000000008bd00000|100%| E|CS|TAMS 0x000000008bc00000, 0x000000008bc00000| Complete 
| 121|0x000000008bd00000, 0x000000008be00000, 0x000000008be00000|100%| E|CS|TAMS 0x000000008bd00000, 0x000000008bd00000| Complete 
| 122|0x000000008be00000, 0x000000008bf00000, 0x000000008bf00000|100%| E|CS|TAMS 0x000000008be00000, 0x000000008be00000| Complete 
| 123|0x000000008bf00000, 0x000000008c000000, 0x000000008c000000|100%| E|CS|TAMS 0x000000008bf00000, 0x000000008bf00000| Complete 
|1978|0x00000000ffe00000, 0x00000000ffe34000, 0x00000000fff00000| 20%|OA|  |TAMS 0x00000000ffe00000, 0x00000000ffe00000| Untracked 
|1979|0x00000000fff00000, 0x00000000fff6a000, 0x0000000100000000| 41%|CA|  |TAMS 0x00000000fff00000, 0x00000000fff00000| Untracked 

Card table byte_map: [0x00007fa987844000,0x00007fa987c22000] _byte_map_base: 0x00007fa987422000

Marking Bits (Prev, Next): (CMBitMap*) 0x00007fa9a40525d8, (CMBitMap*) 0x00007fa9a4052610
 Prev Bits: [0x00007fa985576000, 0x00007fa987466000)
 Next Bits: [0x00007fa983686000, 0x00007fa985576000)

Polling page: 0x00007fa9ac21d000

Metaspace:

Usage:
  Non-class:      4.52 MB capacity,     2.65 MB ( 59%) used,     1.86 MB ( 41%) free+waste,     4.44 KB ( <1%) overhead. 
      Class:    458.00 KB capacity,   265.30 KB ( 58%) used,   190.32 KB ( 42%) free+waste,     2.38 KB ( <1%) overhead. 
       Both:      4.97 MB capacity,     2.91 MB ( 59%) used,     2.05 MB ( 41%) free+waste,     6.81 KB ( <1%) overhead. 

Virtual space:
  Non-class space:        8.00 MB reserved,       4.75 MB ( 59%) committed 
      Class space:        1.00 GB reserved,     512.00 KB ( <1%) committed 
             Both:        1.01 GB reserved,       5.25 MB ( <1%) committed 

Chunk freelists:
   Non-Class:  60.00 KB
       Class:  0 bytes
        Both:  60.00 KB

CodeHeap 'non-profiled nmethods': size=120032Kb used=149Kb max_used=149Kb free=119882Kb
 bounds [0x00007fa994218000, 0x00007fa994488000, 0x00007fa99b750000]
CodeHeap 'profiled nmethods': size=120032Kb used=799Kb max_used=807Kb free=119232Kb
 bounds [0x00007fa98cce0000, 0x00007fa98cf50000, 0x00007fa994218000]
CodeHeap 'non-nmethods': size=5696Kb used=1134Kb max_used=1148Kb free=4561Kb
 bounds [0x00007fa98c750000, 0x00007fa98c9c0000, 0x00007fa98cce0000]
 total_blobs=942 nmethods=451 adapters=283
 compilation: enabled
              stopped_count=0, restarted_count=0
 full_count=0

Compilation events (10 events):
Event: 1093.583 Thread 0x00007fa9a417a800  457       4       org.eclipse.jdt.launching.internal.org.objectweb.asm.ByteVector::putByte (39 bytes)
Event: 1093.587 Thread 0x00007fa9a417a800 nmethod 457 0x00007fa99423bc10 code [0x00007fa99423bdc0, 0x00007fa99423bf48]
Event: 1118.071 Thread 0x00007fa9a417a800  458       4       org.eclipse.jdt.launching.internal.org.objectweb.asm.ClassReader::readUtf (161 bytes)
Event: 1118.079 Thread 0x00007fa9a417a800 nmethod 458 0x00007fa99423c090 code [0x00007fa99423c260, 0x00007fa99423ca98]
Event: 1118.079 Thread 0x00007fa9a417a800  459       4       org.eclipse.jdt.launching.internal.org.objectweb.asm.ByteVector::putUTF8 (144 bytes)
Event: 1118.083 Thread 0x00007fa9a417a800 nmethod 459 0x00007fa99423cf10 code [0x00007fa99423d0e0, 0x00007fa99423d648]
Event: 1133.962 Thread 0x00007fa9a417d000  460       3       org.eclipse.jdt.launching.internal.org.objectweb.asm.MethodWriter::visitMethodInsn (191 bytes)
Event: 1133.964 Thread 0x00007fa9a417d000 nmethod 460 0x00007fa98cda9c90 code [0x00007fa98cda9ee0, 0x00007fa98cdaa848]
Event: 1133.964 Thread 0x00007fa9a417d000  461       3       org.eclipse.jdt.launching.internal.org.objectweb.asm.SymbolTable::addConstantMethodref (24 bytes)
Event: 1133.964 Thread 0x00007fa9a417d000 nmethod 461 0x00007fa98cce0590 code [0x00007fa98cce0760, 0x00007fa98cce09a8]

GC Heap History (0 events):
No events

Deoptimization events (10 events):
Event: 0.274 Thread 0x00007fa9a4013800 DEOPT PACKING pc=0x00007fa98cd482ea sp=0x00007fa9ac201db0
Event: 0.274 Thread 0x00007fa9a4013800 DEOPT UNPACKING pc=0x00007fa98c78903a sp=0x00007fa9ac201298 mode 0
Event: 0.282 Thread 0x00007fa9a4013800 Uncommon trap: trap_request=0xffffff4d fr.pc=0x00007fa994226780 relative=0x00000000000000e0
Event: 0.282 Thread 0x00007fa9a4013800 Uncommon trap: reason=unstable_if action=reinterpret pc=0x00007fa994226780 method=java.lang.String.isLatin1()Z @ 10 c2
Event: 0.282 Thread 0x00007fa9a4013800 DEOPT PACKING pc=0x00007fa994226780 sp=0x00007fa9ac206bc0
Event: 0.282 Thread 0x00007fa9a4013800 DEOPT UNPACKING pc=0x00007fa98c789225 sp=0x00007fa9ac206b30 mode 2
Event: 0.283 Thread 0x00007fa9a4013800 Uncommon trap: trap_request=0xffffff4d fr.pc=0x00007fa994222a0c relative=0x000000000000006c
Event: 0.283 Thread 0x00007fa9a4013800 Uncommon trap: reason=unstable_if action=reinterpret pc=0x00007fa994222a0c method=java.lang.String.isLatin1()Z @ 10 c2
Event: 0.283 Thread 0x00007fa9a4013800 DEOPT PACKING pc=0x00007fa994222a0c sp=0x00007fa9ac206dd0
Event: 0.283 Thread 0x00007fa9a4013800 DEOPT UNPACKING pc=0x00007fa98c789225 sp=0x00007fa9ac206d90 mode 2

Classes redefined (9 events):
Event: 156.406 Thread 0x00007fa9a416e800 redefined class name=com.bridgelazs.utility.Utility, count=1
Event: 215.212 Thread 0x00007fa9a416e800 redefined class name=com.bridgelabz.dtatstructure.AnagramUsingStack, count=1
Event: 970.804 Thread 0x00007fa9a416e800 redefined class name=com.bridgelabz.dtatstructure.AnagramUsingStack, count=2
Event: 1020.812 Thread 0x00007fa9a416e800 redefined class name=com.bridgelabz.dtatstructure.AnagramUsingStack, count=3
Event: 1024.957 Thread 0x00007fa9a416e800 redefined class name=com.bridgelabz.dtatstructure.AnagramUsingStack, count=4
Event: 1062.064 Thread 0x00007fa9a416e800 redefined class name=com.bridgelabz.dtatstructure.AnagramUsingStack, count=5
Event: 1093.585 Thread 0x00007fa9a416e800 redefined class name=com.bridgelabz.dtatstructure.AnagramUsingStack, count=6
Event: 1118.073 Thread 0x00007fa9a416e800 redefined class name=com.bridgelabz.dtatstructure.AnagramUsingStack, count=7
Event: 1133.963 Thread 0x00007fa9a416e800 redefined class name=com.bridgelabz.dtatstructure.AnagramUsingStack, count=8

Internal exceptions (1 events):
Event: 0.269 Thread 0x00007fa9a4013800 Exception <a 'java/lang/NoSuchMethodError'{0x000000008bbc28d0}: 'int java.lang.invoke.DirectMethodHandle$Holder.invokeSpecialIFC(java.lang.Object, java.lang.Object, int)'> (0x000000008bbc28d0) thrown at [/build/openjdk-lts-7bqZff/openjdk-lts-11.0.4+11/src

Events (10 events):
Event: 1254.248 Executing VM operation: ChangeBreakpoints done
Event: 1256.646 Executing VM operation: GetCurrentContendedMonitor
Event: 1256.646 Executing VM operation: GetCurrentContendedMonitor done
Event: 1256.646 Executing VM operation: GetOwnedMonitorInfo
Event: 1256.646 Executing VM operation: GetOwnedMonitorInfo done
Event: 1257.148 Executing VM operation: GetCurrentContendedMonitor
Event: 1257.148 Executing VM operation: GetCurrentContendedMonitor done
Event: 1257.148 Executing VM operation: GetOwnedMonitorInfo
Event: 1257.149 Executing VM operation: GetOwnedMonitorInfo done
Event: 1260.467 Executing VM operation: GetOrSetLocal


Dynamic libraries:
84400000-8c000000 rw-p 00000000 00:00 0 
8c000000-ffe00000 ---p 00000000 00:00 0 
ffe00000-ffe34000 rw-p 01116000 08:05 1443449                            /usr/lib/jvm/java-11-openjdk-amd64/lib/server/classes.jsa
ffe34000-fff00000 rw-p 00000000 00:00 0 
fff00000-fff6a000 rw-p 010ac000 08:05 1443449                            /usr/lib/jvm/java-11-openjdk-amd64/lib/server/classes.jsa
fff6a000-100000000 rw-p 00000000 00:00 0 
800000000-800002000 rwxp 00001000 08:05 1443449                          /usr/lib/jvm/java-11-openjdk-amd64/lib/server/classes.jsa
800002000-8010ab000 rw-p 00003000 08:05 1443449                          /usr/lib/jvm/java-11-openjdk-amd64/lib/server/classes.jsa
840000000-840080000 rw-p 00000000 00:00 0 
840080000-880000000 ---p 00000000 00:00 0 
55ea2f81b000-55ea2f81c000 r-xp 00000000 08:05 17434123                   /usr/lib/jvm/java-11-openjdk-amd64/bin/java
55ea2fa1c000-55ea2fa1d000 r--p 00001000 08:05 17434123                   /usr/lib/jvm/java-11-openjdk-amd64/bin/java
55ea2fa1d000-55ea2fa1e000 rw-p 00002000 08:05 17434123                   /usr/lib/jvm/java-11-openjdk-amd64/bin/java
55ea30f04000-55ea30f25000 rw-p 00000000 00:00 0                          [heap]
7fa934000000-7fa934021000 rw-p 00000000 00:00 0 
7fa934021000-7fa938000000 ---p 00000000 00:00 0 
7fa93c000000-7fa93c021000 rw-p 00000000 00:00 0 
7fa93c021000-7fa940000000 ---p 00000000 00:00 0 
7fa940000000-7fa940021000 rw-p 00000000 00:00 0 
7fa940021000-7fa944000000 ---p 00000000 00:00 0 
7fa944000000-7fa944029000 rw-p 00000000 00:00 0 
7fa944029000-7fa948000000 ---p 00000000 00:00 0 
7fa948000000-7fa948021000 rw-p 00000000 00:00 0 
7fa948021000-7fa94c000000 ---p 00000000 00:00 0 
7fa94c000000-7fa94c021000 rw-p 00000000 00:00 0 
7fa94c021000-7fa950000000 ---p 00000000 00:00 0 
7fa950000000-7fa950021000 rw-p 00000000 00:00 0 
7fa950021000-7fa954000000 ---p 00000000 00:00 0 
7fa954000000-7fa95425f000 rw-p 00000000 00:00 0 
7fa95425f000-7fa958000000 ---p 00000000 00:00 0 
7fa958000000-7fa958890000 rw-p 00000000 00:00 0 
7fa958890000-7fa95c000000 ---p 00000000 00:00 0 
7fa95c000000-7fa95c021000 rw-p 00000000 00:00 0 
7fa95c021000-7fa960000000 ---p 00000000 00:00 0 
7fa9629fc000-7fa9629fd000 ---p 00000000 00:00 0 
7fa9629fd000-7fa962afe000 rw-p 00000000 00:00 0 
7fa962afe000-7fa962b02000 ---p 00000000 00:00 0 
7fa962b02000-7fa962bff000 rw-p 00000000 00:00 0 
7fa962bff000-7fa962c15000 r-xp 00000000 08:05 1443326                    /usr/lib/jvm/java-11-openjdk-amd64/lib/libnet.so
7fa962c15000-7fa962e14000 ---p 00016000 08:05 1443326                    /usr/lib/jvm/java-11-openjdk-amd64/lib/libnet.so
7fa962e14000-7fa962e15000 r--p 00015000 08:05 1443326                    /usr/lib/jvm/java-11-openjdk-amd64/lib/libnet.so
7fa962e15000-7fa962e16000 rw-p 00016000 08:05 1443326                    /usr/lib/jvm/java-11-openjdk-amd64/lib/libnet.so
7fa962e16000-7fa962e26000 r-xp 00000000 08:05 1443327                    /usr/lib/jvm/java-11-openjdk-amd64/lib/libnio.so
7fa962e26000-7fa963025000 ---p 00010000 08:05 1443327                    /usr/lib/jvm/java-11-openjdk-amd64/lib/libnio.so
7fa963025000-7fa963026000 r--p 0000f000 08:05 1443327                    /usr/lib/jvm/java-11-openjdk-amd64/lib/libnio.so
7fa963026000-7fa963027000 rw-p 00010000 08:05 1443327                    /usr/lib/jvm/java-11-openjdk-amd64/lib/libnio.so
7fa963027000-7fa96302b000 ---p 00000000 00:00 0 
7fa96302b000-7fa963128000 rw-p 00000000 00:00 0 
7fa963128000-7fa96312c000 ---p 00000000 00:00 0 
7fa96312c000-7fa963229000 rw-p 00000000 00:00 0 
7fa963229000-7fa96322d000 ---p 00000000 00:00 0 
7fa96322d000-7fa96332a000 rw-p 00000000 00:00 0 
7fa96332a000-7fa96332e000 r-xp 00000000 08:05 1443306                    /usr/lib/jvm/java-11-openjdk-amd64/lib/libdt_socket.so
7fa96332e000-7fa96352e000 ---p 00004000 08:05 1443306                    /usr/lib/jvm/java-11-openjdk-amd64/lib/libdt_socket.so
7fa96352e000-7fa96352f000 r--p 00004000 08:05 1443306                    /usr/lib/jvm/java-11-openjdk-amd64/lib/libdt_socket.so
7fa96352f000-7fa963530000 rw-p 00005000 08:05 1443306                    /usr/lib/jvm/java-11-openjdk-amd64/lib/libdt_socket.so
7fa963530000-7fa963534000 ---p 00000000 00:00 0 
7fa963534000-7fa963631000 rw-p 00000000 00:00 0 
7fa963631000-7fa964000000 r--p 00000000 08:05 15211125                   /usr/lib/locale/locale-archive
7fa964000000-7fa964021000 rw-p 00000000 00:00 0 
7fa964021000-7fa968000000 ---p 00000000 00:00 0 
7fa968000000-7fa968021000 rw-p 00000000 00:00 0 
7fa968021000-7fa96c000000 ---p 00000000 00:00 0 
7fa96c000000-7fa96c021000 rw-p 00000000 00:00 0 
7fa96c021000-7fa970000000 ---p 00000000 00:00 0 
7fa970000000-7fa970023000 rw-p 00000000 00:00 0 
7fa970023000-7fa974000000 ---p 00000000 00:00 0 
7fa974000000-7fa974021000 rw-p 00000000 00:00 0 
7fa974021000-7fa978000000 ---p 00000000 00:00 0 
7fa978000000-7fa978021000 rw-p 00000000 00:00 0 
7fa978021000-7fa97c000000 ---p 00000000 00:00 0 
7fa97c000000-7fa97c021000 rw-p 00000000 00:00 0 
7fa97c021000-7fa980000000 ---p 00000000 00:00 0 
7fa980074000-7fa980078000 ---p 00000000 00:00 0 
7fa980078000-7fa980175000 rw-p 00000000 00:00 0 
7fa980175000-7fa980179000 ---p 00000000 00:00 0 
7fa980179000-7fa980276000 rw-p 00000000 00:00 0 
7fa980276000-7fa98027a000 ---p 00000000 00:00 0 
7fa98027a000-7fa980377000 rw-p 00000000 00:00 0 
7fa980377000-7fa98037b000 ---p 00000000 00:00 0 
7fa98037b000-7fa980478000 rw-p 00000000 00:00 0 
7fa980478000-7fa98047c000 ---p 00000000 00:00 0 
7fa98047c000-7fa980579000 rw-p 00000000 00:00 0 
7fa980579000-7fa98057d000 ---p 00000000 00:00 0 
7fa98057d000-7fa98067a000 rw-p 00000000 00:00 0 
7fa98067a000-7fa98067b000 ---p 00000000 00:00 0 
7fa98067b000-7fa980c3c000 rw-p 00000000 00:00 0 
7fa980c3c000-7fa980f7c000 ---p 00000000 00:00 0 
7fa980f7c000-7fa980f7d000 ---p 00000000 00:00 0 
7fa980f7d000-7fa98107e000 rw-p 00000000 00:00 0 
7fa98107e000-7fa98107f000 ---p 00000000 00:00 0 
7fa98107f000-7fa983584000 rw-p 00000000 00:00 0 
7fa983584000-7fa983585000 ---p 00000000 00:00 0 
7fa983585000-7fa983876000 rw-p 00000000 00:00 0 
7fa983876000-7fa98556e000 ---p 00000000 00:00 0 
7fa98556e000-7fa985766000 rw-p 00000000 00:00 0 
7fa985766000-7fa98745e000 ---p 00000000 00:00 0 
7fa98745e000-7fa9874a4000 rw-p 00000000 00:00 0 
7fa9874a4000-7fa987843000 ---p 00000000 00:00 0 
7fa987843000-7fa987882000 rw-p 00000000 00:00 0 
7fa987882000-7fa987c21000 ---p 00000000 00:00 0 
7fa987c21000-7fa987c60000 rw-p 00000000 00:00 0 
7fa987c60000-7fa987fff000 ---p 00000000 00:00 0 
7fa987fff000-7fa988000000 rw-p 00000000 00:00 0 
7fa988000000-7fa988021000 rw-p 00000000 00:00 0 
7fa988021000-7fa98c000000 ---p 00000000 00:00 0 
7fa98c05d000-7fa98c05e000 ---p 00000000 00:00 0 
7fa98c05e000-7fa98c563000 rw-p 00000000 00:00 0 
7fa98c563000-7fa98c564000 ---p 00000000 00:00 0 
7fa98c564000-7fa98c66a000 rw-p 00000000 00:00 0 
7fa98c66a000-7fa98c750000 ---p 00000000 00:00 0 
7fa98c750000-7fa98c9c0000 rwxp 00000000 00:00 0 
7fa98c9c0000-7fa98cce0000 ---p 00000000 00:00 0 
7fa98cce0000-7fa98cf50000 rwxp 00000000 00:00 0 
7fa98cf50000-7fa994218000 ---p 00000000 00:00 0 
7fa994218000-7fa994488000 rwxp 00000000 00:00 0 
7fa994488000-7fa99b750000 ---p 00000000 00:00 0 
7fa99b750000-7fa9a3dfa000 r--s 00000000 08:05 1443336                    /usr/lib/jvm/java-11-openjdk-amd64/lib/modules
7fa9a3dfa000-7fa9a3dff000 r-xp 00000000 08:05 1443318                    /usr/lib/jvm/java-11-openjdk-amd64/lib/libjimage.so
7fa9a3dff000-7fa9a3ffe000 ---p 00005000 08:05 1443318                    /usr/lib/jvm/java-11-openjdk-amd64/lib/libjimage.so
7fa9a3ffe000-7fa9a3fff000 r--p 00004000 08:05 1443318                    /usr/lib/jvm/java-11-openjdk-amd64/lib/libjimage.so
7fa9a3fff000-7fa9a4000000 rw-p 00005000 08:05 1443318                    /usr/lib/jvm/java-11-openjdk-amd64/lib/libjimage.so
7fa9a4000000-7fa9a432d000 rw-p 00000000 00:00 0 
7fa9a432d000-7fa9a8000000 ---p 00000000 00:00 0 
7fa9a8023000-7fa9a80a9000 rw-p 00000000 00:00 0 
7fa9a80a9000-7fa9a818f000 ---p 00000000 00:00 0 
7fa9a818f000-7fa9a8196000 r-xp 00000000 08:05 1443335                    /usr/lib/jvm/java-11-openjdk-amd64/lib/libzip.so
7fa9a8196000-7fa9a8395000 ---p 00007000 08:05 1443335                    /usr/lib/jvm/java-11-openjdk-amd64/lib/libzip.so
7fa9a8395000-7fa9a8396000 r--p 00006000 08:05 1443335                    /usr/lib/jvm/java-11-openjdk-amd64/lib/libzip.so
7fa9a8396000-7fa9a8397000 rw-p 00007000 08:05 1443335                    /usr/lib/jvm/java-11-openjdk-amd64/lib/libzip.so
7fa9a8397000-7fa9a83a2000 r-xp 00000000 08:05 19272481                   /lib/x86_64-linux-gnu/libnss_files-2.27.so
7fa9a83a2000-7fa9a85a1000 ---p 0000b000 08:05 19272481                   /lib/x86_64-linux-gnu/libnss_files-2.27.so
7fa9a85a1000-7fa9a85a2000 r--p 0000a000 08:05 19272481                   /lib/x86_64-linux-gnu/libnss_files-2.27.so
7fa9a85a2000-7fa9a85a3000 rw-p 0000b000 08:05 19272481                   /lib/x86_64-linux-gnu/libnss_files-2.27.so
7fa9a85a3000-7fa9a85a9000 rw-p 00000000 00:00 0 
7fa9a85a9000-7fa9a85c0000 r-xp 00000000 08:05 19272475                   /lib/x86_64-linux-gnu/libnsl-2.27.so
7fa9a85c0000-7fa9a87bf000 ---p 00017000 08:05 19272475                   /lib/x86_64-linux-gnu/libnsl-2.27.so
7fa9a87bf000-7fa9a87c0000 r--p 00016000 08:05 19272475                   /lib/x86_64-linux-gnu/libnsl-2.27.so
7fa9a87c0000-7fa9a87c1000 rw-p 00017000 08:05 19272475                   /lib/x86_64-linux-gnu/libnsl-2.27.so
7fa9a87c1000-7fa9a87c3000 rw-p 00000000 00:00 0 
7fa9a87c3000-7fa9a87ce000 r-xp 00000000 08:05 19272492                   /lib/x86_64-linux-gnu/libnss_nis-2.27.so
7fa9a87ce000-7fa9a89cd000 ---p 0000b000 08:05 19272492                   /lib/x86_64-linux-gnu/libnss_nis-2.27.so
7fa9a89cd000-7fa9a89ce000 r--p 0000a000 08:05 19272492                   /lib/x86_64-linux-gnu/libnss_nis-2.27.so
7fa9a89ce000-7fa9a89cf000 rw-p 0000b000 08:05 19272492                   /lib/x86_64-linux-gnu/libnss_nis-2.27.so
7fa9a89cf000-7fa9a89d7000 r-xp 00000000 08:05 19272477                   /lib/x86_64-linux-gnu/libnss_compat-2.27.so
7fa9a89d7000-7fa9a8bd7000 ---p 00008000 08:05 19272477                   /lib/x86_64-linux-gnu/libnss_compat-2.27.so
7fa9a8bd7000-7fa9a8bd8000 r--p 00008000 08:05 19272477                   /lib/x86_64-linux-gnu/libnss_compat-2.27.so
7fa9a8bd8000-7fa9a8bd9000 rw-p 00009000 08:05 19272477                   /lib/x86_64-linux-gnu/libnss_compat-2.27.so
7fa9a8bd9000-7fa9a8be3000 r-xp 00000000 08:05 1443309                    /usr/lib/jvm/java-11-openjdk-amd64/lib/libinstrument.so
7fa9a8be3000-7fa9a8de2000 ---p 0000a000 08:05 1443309                    /usr/lib/jvm/java-11-openjdk-amd64/lib/libinstrument.so
7fa9a8de2000-7fa9a8de3000 r--p 00009000 08:05 1443309                    /usr/lib/jvm/java-11-openjdk-amd64/lib/libinstrument.so
7fa9a8de3000-7fa9a8de4000 rw-p 0000a000 08:05 1443309                    /usr/lib/jvm/java-11-openjdk-amd64/lib/libinstrument.so
7fa9a8de4000-7fa9a8e1f000 r-xp 00000000 08:05 1443317                    /usr/lib/jvm/java-11-openjdk-amd64/lib/libjdwp.so
7fa9a8e1f000-7fa9a901e000 ---p 0003b000 08:05 1443317                    /usr/lib/jvm/java-11-openjdk-amd64/lib/libjdwp.so
7fa9a901e000-7fa9a901f000 r--p 0003a000 08:05 1443317                    /usr/lib/jvm/java-11-openjdk-amd64/lib/libjdwp.so
7fa9a901f000-7fa9a9020000 rw-p 0003b000 08:05 1443317                    /usr/lib/jvm/java-11-openjdk-amd64/lib/libjdwp.so
7fa9a9020000-7fa9a9049000 r-xp 00000000 08:05 1443314                    /usr/lib/jvm/java-11-openjdk-amd64/lib/libjava.so
7fa9a9049000-7fa9a9248000 ---p 00029000 08:05 1443314                    /usr/lib/jvm/java-11-openjdk-amd64/lib/libjava.so
7fa9a9248000-7fa9a9249000 r--p 00028000 08:05 1443314                    /usr/lib/jvm/java-11-openjdk-amd64/lib/libjava.so
7fa9a9249000-7fa9a924b000 rw-p 00029000 08:05 1443314                    /usr/lib/jvm/java-11-openjdk-amd64/lib/libjava.so
7fa9a924b000-7fa9a9258000 r-xp 00000000 08:05 1443334                    /usr/lib/jvm/java-11-openjdk-amd64/lib/libverify.so
7fa9a9258000-7fa9a9457000 ---p 0000d000 08:05 1443334                    /usr/lib/jvm/java-11-openjdk-amd64/lib/libverify.so
7fa9a9457000-7fa9a9459000 r--p 0000c000 08:05 1443334                    /usr/lib/jvm/java-11-openjdk-amd64/lib/libverify.so
7fa9a9459000-7fa9a945a000 rw-p 0000e000 08:05 1443334                    /usr/lib/jvm/java-11-openjdk-amd64/lib/libverify.so
7fa9a945a000-7fa9a9461000 r-xp 00000000 08:05 19272532                   /lib/x86_64-linux-gnu/librt-2.27.so
7fa9a9461000-7fa9a9660000 ---p 00007000 08:05 19272532                   /lib/x86_64-linux-gnu/librt-2.27.so
7fa9a9660000-7fa9a9661000 r--p 00006000 08:05 19272532                   /lib/x86_64-linux-gnu/librt-2.27.so
7fa9a9661000-7fa9a9662000 rw-p 00007000 08:05 19272532                   /lib/x86_64-linux-gnu/librt-2.27.so
7fa9a9662000-7fa9a9679000 r-xp 00000000 08:05 19267827                   /lib/x86_64-linux-gnu/libgcc_s.so.1
7fa9a9679000-7fa9a9878000 ---p 00017000 08:05 19267827                   /lib/x86_64-linux-gnu/libgcc_s.so.1
7fa9a9878000-7fa9a9879000 r--p 00016000 08:05 19267827                   /lib/x86_64-linux-gnu/libgcc_s.so.1
7fa9a9879000-7fa9a987a000 rw-p 00017000 08:05 19267827                   /lib/x86_64-linux-gnu/libgcc_s.so.1
7fa9a987a000-7fa9a9a17000 r-xp 00000000 08:05 19272454                   /lib/x86_64-linux-gnu/libm-2.27.so
7fa9a9a17000-7fa9a9c16000 ---p 0019d000 08:05 19272454                   /lib/x86_64-linux-gnu/libm-2.27.so
7fa9a9c16000-7fa9a9c17000 r--p 0019c000 08:05 19272454                   /lib/x86_64-linux-gnu/libm-2.27.so
7fa9a9c17000-7fa9a9c18000 rw-p 0019d000 08:05 19272454                   /lib/x86_64-linux-gnu/libm-2.27.so
7fa9a9c18000-7fa9a9d91000 r-xp 00000000 08:05 15204851                   /usr/lib/x86_64-linux-gnu/libstdc++.so.6.0.25
7fa9a9d91000-7fa9a9f91000 ---p 00179000 08:05 15204851                   /usr/lib/x86_64-linux-gnu/libstdc++.so.6.0.25
7fa9a9f91000-7fa9a9f9b000 r--p 00179000 08:05 15204851                   /usr/lib/x86_64-linux-gnu/libstdc++.so.6.0.25
7fa9a9f9b000-7fa9a9f9d000 rw-p 00183000 08:05 15204851                   /usr/lib/x86_64-linux-gnu/libstdc++.so.6.0.25
7fa9a9f9d000-7fa9a9fa1000 rw-p 00000000 00:00 0 
7fa9a9fa1000-7fa9ab06d000 r-xp 00000000 08:05 1443341                    /usr/lib/jvm/java-11-openjdk-amd64/lib/server/libjvm.so
7fa9ab06d000-7fa9ab26c000 ---p 010cc000 08:05 1443341                    /usr/lib/jvm/java-11-openjdk-amd64/lib/server/libjvm.so
7fa9ab26c000-7fa9ab329000 r--p 010cb000 08:05 1443341                    /usr/lib/jvm/java-11-openjdk-amd64/lib/server/libjvm.so
7fa9ab329000-7fa9ab362000 rw-p 01188000 08:05 1443341                    /usr/lib/jvm/java-11-openjdk-amd64/lib/server/libjvm.so
7fa9ab362000-7fa9ab3b8000 rw-p 00000000 00:00 0 
7fa9ab3b8000-7fa9ab3d2000 r-xp 00000000 08:05 19272524                   /lib/x86_64-linux-gnu/libpthread-2.27.so
7fa9ab3d2000-7fa9ab5d1000 ---p 0001a000 08:05 19272524                   /lib/x86_64-linux-gnu/libpthread-2.27.so
7fa9ab5d1000-7fa9ab5d2000 r--p 00019000 08:05 19272524                   /lib/x86_64-linux-gnu/libpthread-2.27.so
7fa9ab5d2000-7fa9ab5d3000 rw-p 0001a000 08:05 19272524                   /lib/x86_64-linux-gnu/libpthread-2.27.so
7fa9ab5d3000-7fa9ab5d7000 rw-p 00000000 00:00 0 
7fa9ab5d7000-7fa9ab5da000 r-xp 00000000 08:05 19272414                   /lib/x86_64-linux-gnu/libdl-2.27.so
7fa9ab5da000-7fa9ab7d9000 ---p 00003000 08:05 19272414                   /lib/x86_64-linux-gnu/libdl-2.27.so
7fa9ab7d9000-7fa9ab7da000 r--p 00002000 08:05 19272414                   /lib/x86_64-linux-gnu/libdl-2.27.so
7fa9ab7da000-7fa9ab7db000 rw-p 00003000 08:05 19272414                   /lib/x86_64-linux-gnu/libdl-2.27.so
7fa9ab7db000-7fa9ab7f7000 r-xp 00000000 08:05 19272563                   /lib/x86_64-linux-gnu/libz.so.1.2.11
7fa9ab7f7000-7fa9ab9f6000 ---p 0001c000 08:05 19272563                   /lib/x86_64-linux-gnu/libz.so.1.2.11
7fa9ab9f6000-7fa9ab9f7000 r--p 0001b000 08:05 19272563                   /lib/x86_64-linux-gnu/libz.so.1.2.11
7fa9ab9f7000-7fa9ab9f8000 rw-p 0001c000 08:05 19272563                   /lib/x86_64-linux-gnu/libz.so.1.2.11
7fa9ab9f8000-7fa9abbdf000 r-xp 00000000 08:05 19272391                   /lib/x86_64-linux-gnu/libc-2.27.so
7fa9abbdf000-7fa9abddf000 ---p 001e7000 08:05 19272391                   /lib/x86_64-linux-gnu/libc-2.27.so
7fa9abddf000-7fa9abde3000 r--p 001e7000 08:05 19272391                   /lib/x86_64-linux-gnu/libc-2.27.so
7fa9abde3000-7fa9abde5000 rw-p 001eb000 08:05 19272391                   /lib/x86_64-linux-gnu/libc-2.27.so
7fa9abde5000-7fa9abde9000 rw-p 00000000 00:00 0 
7fa9abde9000-7fa9abdf9000 r-xp 00000000 08:05 1443298                    /usr/lib/jvm/java-11-openjdk-amd64/lib/jli/libjli.so
7fa9abdf9000-7fa9abff8000 ---p 00010000 08:05 1443298                    /usr/lib/jvm/java-11-openjdk-amd64/lib/jli/libjli.so
7fa9abff8000-7fa9abff9000 r--p 0000f000 08:05 1443298                    /usr/lib/jvm/java-11-openjdk-amd64/lib/jli/libjli.so
7fa9abff9000-7fa9abffa000 rw-p 00010000 08:05 1443298                    /usr/lib/jvm/java-11-openjdk-amd64/lib/jli/libjli.so
7fa9abffa000-7fa9ac021000 r-xp 00000000 08:05 19272363                   /lib/x86_64-linux-gnu/ld-2.27.so
7fa9ac05f000-7fa9ac101000 rw-p 00000000 00:00 0 
7fa9ac101000-7fa9ac108000 ---p 00000000 00:00 0 
7fa9ac108000-7fa9ac10c000 ---p 00000000 00:00 0 
7fa9ac10c000-7fa9ac20b000 rw-p 00000000 00:00 0 
7fa9ac20c000-7fa9ac213000 r--s 00000000 08:05 15469530                   /usr/lib/x86_64-linux-gnu/gconv/gconv-modules.cache
7fa9ac213000-7fa9ac215000 r--s 00007000 08:05 15603462                   /usr/share/java/java-atk-wrapper.jar
7fa9ac215000-7fa9ac21d000 rw-s 00000000 08:05 15861749                   /tmp/hsperfdata_bridgeit/9873
7fa9ac21d000-7fa9ac21e000 ---p 00000000 00:00 0 
7fa9ac21e000-7fa9ac21f000 r--p 00000000 00:00 0 
7fa9ac21f000-7fa9ac221000 rw-p 00000000 00:00 0 
7fa9ac221000-7fa9ac222000 r--p 00027000 08:05 19272363                   /lib/x86_64-linux-gnu/ld-2.27.so
7fa9ac222000-7fa9ac223000 rw-p 00028000 08:05 19272363                   /lib/x86_64-linux-gnu/ld-2.27.so
7fa9ac223000-7fa9ac224000 rw-p 00000000 00:00 0 
7ffc18109000-7ffc1812a000 rw-p 00000000 00:00 0                          [stack]
7ffc1814c000-7ffc1814f000 r--p 00000000 00:00 0                          [vvar]
7ffc1814f000-7ffc18150000 r-xp 00000000 00:00 0                          [vdso]
ffffffffff600000-ffffffffff601000 r-xp 00000000 00:00 0                  [vsyscall]


VM Arguments:
jvm_args: -agentlib:jdwp=transport=dt_socket,suspend=y,address=localhost:35181 -javaagent:/home/bridgeit/eclipse/java-2019-06/eclipse/configuration/org.eclipse.osgi/220/0/.cp/lib/javaagent-shaded.jar -Dfile.encoding=UTF-8 
java_command: com.bridgelabz.dtatstructure.AnagramUsingStack
java_class_path (initial): /home/bridgeit/Desktop/priya/Felloship/CorePrograms/bin
Launcher Type: SUN_STANDARD

[Global flags]
     intx CICompilerCount                          = 3                                         {product} {ergonomic}
     uint ConcGCThreads                            = 1                                         {product} {ergonomic}
     uint G1ConcRefinementThreads                  = 4                                         {product} {ergonomic}
   size_t G1HeapRegionSize                         = 1048576                                   {product} {ergonomic}
    uintx GCDrainStackTargetSize                   = 64                                        {product} {ergonomic}
   size_t InitialHeapSize                          = 130023424                                 {product} {ergonomic}
   size_t MarkStackSize                            = 4194304                                   {product} {ergonomic}
   size_t MaxHeapSize                              = 2076180480                                {product} {ergonomic}
   size_t MaxNewSize                               = 1245708288                                {product} {ergonomic}
   size_t MinHeapDeltaBytes                        = 1048576                                   {product} {ergonomic}
    uintx NonNMethodCodeHeapSize                   = 5830092                                {pd product} {ergonomic}
    uintx NonProfiledCodeHeapSize                  = 122914074                              {pd product} {ergonomic}
    uintx ProfiledCodeHeapSize                     = 122914074                              {pd product} {ergonomic}
    uintx ReservedCodeCacheSize                    = 251658240                              {pd product} {ergonomic}
     bool SegmentedCodeCache                       = true                                      {product} {ergonomic}
     bool UseCompressedClassPointers               = true                                 {lp64_product} {ergonomic}
     bool UseCompressedOops                        = true                                 {lp64_product} {ergonomic}
     bool UseG1GC                                  = true                                      {product} {ergonomic}

Logging:
Log output configuration:
 #0: stdout all=warning uptime,level,tags
 #1: stderr all=off uptime,level,tags

Environment Variables:
PATH=/home/bridgeit/.local/bin:/usr/local/sbin:/usr/local/bin:/usr/sbin:/usr/bin:/sbin:/bin:/usr/games:/usr/local/games:/snap/bin
USERNAME=bridgeit
SHELL=/bin/bash
DISPLAY=:0

Signal Handlers:
SIGSEGV: [libjvm.so+0xde5f50], sa_mask[0]=11111111011111111101111111111110, sa_flags=SA_RESTART|SA_SIGINFO
SIGBUS: [libjvm.so+0xde5f50], sa_mask[0]=11111111011111111101111111111110, sa_flags=SA_RESTART|SA_SIGINFO
SIGFPE: [libjvm.so+0xde5f50], sa_mask[0]=11111111011111111101111111111110, sa_flags=SA_RESTART|SA_SIGINFO
SIGPIPE: [libjvm.so+0xbba5b0], sa_mask[0]=11111111011111111101111111111110, sa_flags=SA_RESTART|SA_SIGINFO
SIGXFSZ: [libjvm.so+0xbba5b0], sa_mask[0]=11111111011111111101111111111110, sa_flags=SA_RESTART|SA_SIGINFO
SIGILL: [libjvm.so+0xde5f50], sa_mask[0]=11111111011111111101111111111110, sa_flags=SA_RESTART|SA_SIGINFO
SIGUSR2: [libjvm.so+0xbba450], sa_mask[0]=00100000000000000000000000000000, sa_flags=SA_RESTART|SA_SIGINFO
SIGHUP: [libjvm.so+0xbba7b0], sa_mask[0]=11111111011111111101111111111110, sa_flags=SA_RESTART|SA_SIGINFO
SIGINT: [libjvm.so+0xbba7b0], sa_mask[0]=11111111011111111101111111111110, sa_flags=SA_RESTART|SA_SIGINFO
SIGTERM: [libjvm.so+0xbba7b0], sa_mask[0]=11111111011111111101111111111110, sa_flags=SA_RESTART|SA_SIGINFO
SIGQUIT: [libjvm.so+0xbba7b0], sa_mask[0]=11111111011111111101111111111110, sa_flags=SA_RESTART|SA_SIGINFO


---------------  S Y S T E M  ---------------

OS:DISTRIB_ID=Ubuntu
DISTRIB_RELEASE=18.04
DISTRIB_CODENAME=bionic
DISTRIB_DESCRIPTION="Ubuntu 18.04.2 LTS"
uname:Linux 5.0.0-27-generic #28~18.04.1-Ubuntu SMP Thu Aug 22 03:00:32 UTC 2019 x86_64
libc:glibc 2.27 NPTL 2.27 
rlimit: STACK 8192k, CORE 0k, NPROC 31378, NOFILE 4096, AS infinity, DATA infinity, FSIZE infinity
load average:0.59 0.54 0.58

/proc/meminfo:
MemTotal:        8102156 kB
MemFree:         2756672 kB
MemAvailable:    4095220 kB
Buffers:          154936 kB
Cached:          1872968 kB
SwapCached:            0 kB
Active:          3749472 kB
Inactive:         778456 kB
Active(anon):    2901484 kB
Inactive(anon):   143140 kB
Active(file):     847988 kB
Inactive(file):   635316 kB
Unevictable:      434000 kB
Mlocked:              80 kB
SwapTotal:       2097148 kB
SwapFree:        2097148 kB
Dirty:               200 kB
Writeback:             0 kB
AnonPages:       2934084 kB
Mapped:           581972 kB
Shmem:            544604 kB
KReclaimable:     149436 kB
Slab:             211748 kB
SReclaimable:     149436 kB
SUnreclaim:        62312 kB
KernelStack:       17008 kB
PageTables:        76728 kB
NFS_Unstable:          0 kB
Bounce:                0 kB
WritebackTmp:          0 kB
CommitLimit:     6148224 kB
Committed_AS:   11589960 kB
VmallocTotal:   34359738367 kB
VmallocUsed:           0 kB
VmallocChunk:          0 kB
Percpu:             1216 kB
HardwareCorrupted:     0 kB
AnonHugePages:         0 kB
ShmemHugePages:        0 kB
ShmemPmdMapped:        0 kB
CmaTotal:              0 kB
CmaFree:               0 kB
HugePages_Total:       0
HugePages_Free:        0
HugePages_Rsvd:        0
HugePages_Surp:        0
Hugepagesize:       2048 kB
Hugetlb:               0 kB
DirectMap4k:      246676 kB
DirectMap2M:     8081408 kB
DirectMap1G:           0 kB


/proc/sys/kernel/threads-max (system-wide limit on the number of threads):
62757


/proc/sys/vm/max_map_count (maximum number of memory map areas a process may have):
65530


/proc/sys/kernel/pid_max (system-wide limit on number of process identifiers):
32768



container (cgroup) information:
container_type: cgroupv1
cpu_cpuset_cpus: 0-3
cpu_memory_nodes: 0
active_processor_count: 4
cpu_quota: -1
cpu_period: 100000
cpu_shares: -1
memory_limit_in_bytes: -1
memory_and_swap_limit_in_bytes: -2
memory_soft_limit_in_bytes: -1
memory_usage_in_bytes: 5081001984
memory_max_usage_in_bytes: 7995392

Steal ticks since vm start: 0
Steal ticks percentage since vm start:  0.000

CPU:total 4 (initial active 4) (4 cores per cpu, 1 threads per core) family 6 model 60 stepping 3, cmov, cx8, fxsr, mmx, sse, sse2, sse3, ssse3, sse4.1, sse4.2, popcnt, avx, avx2, aes, clmul, erms, lzcnt, tsc, tscinvbit, bmi1, bmi2, fma
CPU Model and flags from /proc/cpuinfo:
model name	: Intel(R) Core(TM) i5-4570 CPU @ 3.20GHz
flags		: fpu vme de pse tsc msr pae mce cx8 apic sep mtrr pge mca cmov pat pse36 clflush dts acpi mmx fxsr sse sse2 ss ht tm pbe syscall nx pdpe1gb rdtscp lm constant_tsc arch_perfmon pebs bts rep_good nopl xtopology nonstop_tsc cpuid aperfmperf pni pclmulqdq dtes64 monitor ds_cpl vmx smx est tm2 ssse3 sdbg fma cx16 xtpr pdcm pcid sse4_1 sse4_2 x2apic movbe popcnt tsc_deadline_timer aes xsave avx f16c rdrand lahf_lm abm cpuid_fault epb invpcid_single pti ssbd ibrs ibpb stibp tpr_shadow vnmi flexpriority ept vpid ept_ad fsgsbase tsc_adjust bmi1 avx2 smep bmi2 erms invpcid xsaveopt dtherm ida arat pln pts md_clear flush_l1d

Memory: 4k page, physical 8102156k(2756428k free), swap 2097148k(2097148k free)

vm_info: OpenJDK 64-Bit Server VM (11.0.4+11-post-Ubuntu-1ubuntu218.04.3) for linux-amd64 JRE (11.0.4+11-post-Ubuntu-1ubuntu218.04.3), built on Jul 18 2019 18:21:46 by "buildd" with gcc 7.4.0

END.
